<?xml version="1.0" encoding="utf-8"?>
<shfbBuild product="Sandcastle Help File Builder" version="2015.1.12.0" projectFile="D:\Project\git\API\X_API_Master_Help\X_API_Master_Help.shfbproj" started="2017/8/5 22:12:53">
<buildStep step="Initializing">
Finding tools...
The Sandcastle tools are located in &#39;C:\Program Files (x86)\EWSoftware\Sandcastle Help File Builder\&#39;
Searching for HTML Help 1 compiler...
Found HTML Help 1 compiler in &#39;C:\Program Files (x86)\HTML Help Workshop\&#39;
Locating components in the following folder(s):
   D:\Project\git\API\X_API_Master_Help
Using presentation style &#39;VS2013&#39; located in &#39;C:\Program Files (x86)\EWSoftware\Sandcastle Help File Builder\PresentationStyles\VS2013&#39;
Loading and initializing plug-ins...
Lightweight Website Style Version 2015.1.12.0
Copyright &#169; 2006-2015, Eric Woodruff, All Rights Reserved
Portions Copyright &#169; 2014, Sam Harwell, All Rights Reserved
</buildStep>
<buildStep step="ValidatingDocumentationSources">
Validating and copying documentation source information
Source: D:\Project\git\API\X_API_Master\X.UI.API\bin\X.Interface.Dto.dll
    Found assembly &#39;D:\Project\git\API\X_API_Master\X.UI.API\bin\X.Interface.Dto.dll&#39;
Source: D:\Project\git\API\X_API_Master\X.UI.API\bin\X.Interface.Dto.xml
Source: D:\Project\git\API\X_API_Master\X.UI.API\bin\X.UI.API.dll
    Found assembly &#39;D:\Project\git\API\X_API_Master\X.UI.API\bin\X.UI.API.dll&#39;
Source: D:\Project\git\API\X_API_Master\X.UI.API\bin\X.UI.API.xml

Copying XML comments files
    D:\Project\git\API\X_API_Master\X.UI.API\bin\X.Interface.Dto.xml -&gt; D:\Project\git\API\X_API_Master_Help\Help\Working\X.Interface.Dto.xml
    D:\Project\git\API\X_API_Master\X.UI.API\bin\X.UI.API.XML -&gt; D:\Project\git\API\X_API_Master_Help\Help\Working\X.UI.API.XML
</buildStep>
<buildStep step="GenerateSharedContent">
Generating shared content files (zh-CN, 中文(简体，中国))...
SHFB: Warning BE0003: Sandcastle shared content for the &#39;zh-CN, 中文(简体，中国)&#39; language could not be found.  Using &#39;en-US, English (US)&#39; defaults.
<plugIn name="Lightweight Website Style" behavior="After" priority="1000">
</plugIn>    Last step completed in 00:00:00.0965
</buildStep>
<buildStep step="GenerateApiFilter">
Generating API filter for MRefBuilder...
    Last step completed in 00:00:00.0065
</buildStep>
<buildStep step="GenerateReflectionInfo">
Generating reflection information...
[C:\Windows\Microsoft.NET\Framework64\v4.0.30319\MSBuild.exe]
生成启动时间为 2017/8/5 22:12:54。
项目中不存在 BeforeTargets 特性中的“C:\Program Files (x86)\MSBuild\4.0\Microsoft.Common.targets\ImportAfter\Xamarin.Common.targets (34,37)”位置列出的目标“_ConvertPdbFiles”，将忽略该目标。
项目中不存在 AfterTargets 特性中的“C:\Program Files (x86)\MSBuild\4.0\Microsoft.Common.targets\ImportAfter\Xamarin.Common.targets (34,70)”位置列出的目标“_CollectPdbFiles”，将忽略该目标。
项目中不存在 BeforeTargets 特性中的“C:\Program Files (x86)\MSBuild\4.0\Microsoft.Common.targets\ImportAfter\Xamarin.Common.targets (40,38)”位置列出的目标“_CollectMdbFiles”，将忽略该目标。
项目中不存在 AfterTargets 特性中的“C:\Program Files (x86)\MSBuild\4.0\Microsoft.Common.targets\ImportAfter\Xamarin.Common.targets (40,71)”位置列出的目标“_CopyMdbFiles”，将忽略该目标。
节点 1 上的项目“D:\Project\git\API\X_API_Master_Help\Help\Working\GenerateRefInfo.proj”(默认目标)。
PrepareForBuild:
  正在创建目录“obj\Debug\”。
GenerateRefInfo:
  MRefBuilder (v2015.1.12.0)
  Copyright ? 2006-2015, Microsoft Corporation, All Rights Reserved.
  Portions Copyright ? 2006-2014, Eric Woodruff, All Rights Reserved.
  Loaded 2 assemblies for reflection and 1 dependency assemblies.
  Wrote information on 7 namespaces, 19 types, and 80 members
  正在将文件从“reflection.org”复制到“reflection.all”。
  XslTransform (v2015.1.12.0)
  Copyright ? 2006-2015, Microsoft Corporation, All Rights Reserved.
  Portions Copyright ? 2006-2014, Eric Woodruff, All Rights Reserved.
  Applying XSL transformation &#39;C:\Program Files (x86)\EWSoftware\Sandcastle Help File Builder\ProductionTransforms\MergeDuplicates.xsl&#39;.
已完成生成项目“D:\Project\git\API\X_API_Master_Help\Help\Working\GenerateRefInfo.proj”(默认目标)的操作。

已成功生成。

已用时间 00:00:00.76
    Last step completed in 00:00:00.9885
</buildStep>
<buildStep step="TransformReflectionInfo">
Transforming reflection output...
[C:\Windows\Microsoft.NET\Framework64\v4.0.30319\MSBuild.exe]
生成启动时间为 2017/8/5 22:12:55。
节点 1 上的项目“D:\Project\git\API\X_API_Master_Help\Help\Working\TransformManifest.proj”(默认目标)。
TransformManifest:
  XslTransform (v2015.1.12.0)
  Copyright ? 2006-2015, Microsoft Corporation, All Rights Reserved.
  Portions Copyright ? 2006-2014, Eric Woodruff, All Rights Reserved.
  Applying XSL transformation &#39;C:\Program Files (x86)\EWSoftware\Sandcastle Help File Builder\\ProductionTransforms\ApplyVSDocModel.xsl&#39;.
  正在将文件从“reflection.xml”复制到“reflection.nofilenames”。
  XslTransform (v2015.1.12.0)
  Copyright ? 2006-2015, Microsoft Corporation, All Rights Reserved.
  Portions Copyright ? 2006-2014, Eric Woodruff, All Rights Reserved.
  Applying XSL transformation &#39;C:\Program Files (x86)\EWSoftware\Sandcastle Help File Builder\ProductionTransforms\AddFilenames.xsl&#39;.
  XslTransform (v2015.1.12.0)
  Copyright ? 2006-2015, Microsoft Corporation, All Rights Reserved.
  Portions Copyright ? 2006-2014, Eric Woodruff, All Rights Reserved.
  Applying XSL transformation &#39;C:\Program Files (x86)\EWSoftware\Sandcastle Help File Builder\ProductionTransforms\ReflectionToManifest.xsl&#39;.
已完成生成项目“D:\Project\git\API\X_API_Master_Help\Help\Working\TransformManifest.proj”(默认目标)的操作。

已成功生成。

已用时间 00:00:00.66
    Last step completed in 00:00:00.7989
</buildStep>
<buildStep step="GenerateNamespaceSummaries">
Generating namespace summary information...
    Last step completed in 00:00:00.0474
</buildStep>
<buildStep step="CopyAdditionalContent">
Copying additional content files...
No additional content to copy
    Last step completed in 00:00:00.0170
</buildStep>
<buildStep step="MergeTablesOfContents">
Merging conceptual and additional tables of contents...
    Last step completed in 00:00:00.0095
</buildStep>
<buildStep step="GenerateIntermediateTableOfContents">
Generating intermediate table of contents file...
[C:\Windows\Microsoft.NET\Framework64\v4.0.30319\MSBuild.exe]
生成启动时间为 2017/8/5 22:12:56。
节点 1 上的项目“D:\Project\git\API\X_API_Master_Help\Help\Working\GenerateIntermediateTOC.proj”(默认目标)。
GenerateIntermediateTOC:
  XslTransform (v2015.1.12.0)
  Copyright ? 2006-2015, Microsoft Corporation, All Rights Reserved.
  Portions Copyright ? 2006-2014, Eric Woodruff, All Rights Reserved.
  Applying XSL transformation &#39;C:\Program Files (x86)\EWSoftware\Sandcastle Help File Builder\\ProductionTransforms\CreateVSToc.xsl&#39;.
已完成生成项目“D:\Project\git\API\X_API_Master_Help\Help\Working\GenerateIntermediateTOC.proj”(默认目标)的操作。

已成功生成。

已用时间 00:00:00.14
Generating conceptual content intermediate TOC file...
    Last step completed in 00:00:00.3157
</buildStep>
<buildStep step="CreateBuildAssemblerConfigs">
Creating Sandcastle configuration files...
    sandcastle.config
    Last step completed in 00:00:00.1823
</buildStep>
<buildStep step="MergeCustomConfigs">
Merging custom build component configurations
D:\Project\git\API\X_API_Master_Help\Help\Working\sandcastle.config
    Last step completed in 00:00:00.0396
</buildStep>
<buildStep step="BuildReferenceTopics">
Building reference help topics...
[C:\Windows\Microsoft.NET\Framework64\v4.0.30319\MSBuild.exe]
生成启动时间为 2017/8/5 22:12:56。
节点 1 上的项目“D:\Project\git\API\X_API_Master_Help\Help\Working\BuildReferenceTopics.proj”(默认目标)。
BuildReferenceTopics:
  BuildAssembler (v2015.1.12.0)
  Copyright ? 2006-2015, Microsoft Corporation, All Rights Reserved.
  Portions Copyright ? 2006-2014, Eric Woodruff, All Rights Reserved.
  Loading configuration...
  ResolveReferenceLinksComponent: The MSDN content ID cache &#39;C:\Users\Administrator\AppData\Local\EWSoftware\Sandcastle Help File Builder\Cache\MsdnContentId.cache&#39; does not exist yet.  All IDs will be looked up in this build which will slow it down.
  Processing topics...
BuildAssembler : warning : ShowMissingComponent: [N:X.Interface.Dto] Missing &lt;summary&gt; documentation [D:\Project\git\API\X_API_Master_Help\Help\Working\BuildReferenceTopics.proj]
BuildAssembler : warning : ShowMissingComponent: [T:X.Interface.Dto.ApiResult`1] Missing &lt;typeparam name=&quot;T&quot;/&gt; documentation [D:\Project\git\API\X_API_Master_Help\Help\Working\BuildReferenceTopics.proj]
BuildAssembler : warning : ResolveReferenceLinksComponent: [T:X.Interface.Dto.HttpRequestContext] Unknown reference link target &#39;T:X.Util.Entities.MongoBaseModel&#39;. [D:\Project\git\API\X_API_Master_Help\Help\Working\BuildReferenceTopics.proj]
BuildAssembler : warning : ResolveReferenceLinksComponent: [T:X.Interface.Dto.HttpRequestContext] Unknown reference link target &#39;P:X.Util.Entities.MongoBaseModel.Id&#39;. [D:\Project\git\API\X_API_Master_Help\Help\Working\BuildReferenceTopics.proj]
BuildAssembler : warning : ResolveReferenceLinksComponent: [T:X.Interface.Dto.HttpRequestContext] Unknown reference link target &#39;T:X.Util.Entities.MongoBaseModel&#39;. [D:\Project\git\API\X_API_Master_Help\Help\Working\BuildReferenceTopics.proj]
BuildAssembler : warning : ResolveReferenceLinksComponent: [T:X.Interface.Dto.HttpRequestContext] Unknown reference link target &#39;T:X.Util.Entities.MongoBaseModel&#39;. [D:\Project\git\API\X_API_Master_Help\Help\Working\BuildReferenceTopics.proj]
BuildAssembler : warning : ResolveReferenceLinksComponent: [T:X.Interface.Dto.HttpRequestContext] Unknown reference link target &#39;P:X.Util.Entities.MongoBaseModel.Id&#39;. [D:\Project\git\API\X_API_Master_Help\Help\Working\BuildReferenceTopics.proj]
BuildAssembler : warning : ResolveReferenceLinksComponent: [T:X.Interface.Dto.HttpRequestContext] Unknown reference link target &#39;T:X.Util.Entities.MongoBaseModel&#39;. [D:\Project\git\API\X_API_Master_Help\Help\Working\BuildReferenceTopics.proj]
BuildAssembler : warning : ResolveReferenceLinksComponent: [Properties.T:X.Interface.Dto.HttpRequestContext] Unknown reference link target &#39;P:X.Util.Entities.MongoBaseModel.Id&#39;. [D:\Project\git\API\X_API_Master_Help\Help\Working\BuildReferenceTopics.proj]
BuildAssembler : warning : ResolveReferenceLinksComponent: [Properties.T:X.Interface.Dto.HttpRequestContext] Unknown reference link target &#39;T:X.Util.Entities.MongoBaseModel&#39;. [D:\Project\git\API\X_API_Master_Help\Help\Working\BuildReferenceTopics.proj]
BuildAssembler : warning : ResolveReferenceLinksComponent: [Properties.T:X.Interface.Dto.HttpRequestContext] Unknown reference link target &#39;P:X.Util.Entities.MongoBaseModel.Id&#39;. [D:\Project\git\API\X_API_Master_Help\Help\Working\BuildReferenceTopics.proj]
BuildAssembler : warning : ResolveReferenceLinksComponent: [Properties.T:X.Interface.Dto.HttpRequestContext] Unknown reference link target &#39;T:X.Util.Entities.MongoBaseModel&#39;. [D:\Project\git\API\X_API_Master_Help\Help\Working\BuildReferenceTopics.proj]
BuildAssembler : warning : ShowMissingComponent: [N:X.Interface.Dto.HttpResponse] Missing &lt;summary&gt; documentation [D:\Project\git\API\X_API_Master_Help\Help\Working\BuildReferenceTopics.proj]
BuildAssembler : warning : ShowMissingComponent: [N:X.Interface.Dto.Interface] Missing &lt;summary&gt; documentation [D:\Project\git\API\X_API_Master_Help\Help\Working\BuildReferenceTopics.proj]
BuildAssembler : warning : ShowMissingComponent: [N:X.UI.API] Missing &lt;summary&gt; documentation [D:\Project\git\API\X_API_Master_Help\Help\Working\BuildReferenceTopics.proj]
BuildAssembler : warning : ShowMissingComponent: [T:X.UI.API.BundleConfig] Missing &lt;summary&gt; documentation [D:\Project\git\API\X_API_Master_Help\Help\Working\BuildReferenceTopics.proj]
BuildAssembler : warning : ShowMissingComponent: [M:X.UI.API.BundleConfig.RegisterBundles(System.Web.Optimization.BundleCollection)] Missing &lt;summary&gt; documentation [D:\Project\git\API\X_API_Master_Help\Help\Working\BuildReferenceTopics.proj]
BuildAssembler : warning : ShowMissingComponent: [M:X.UI.API.BundleConfig.RegisterBundles(System.Web.Optimization.BundleCollection)] Missing &lt;param name=&quot;bundles&quot;/&gt; documentation [D:\Project\git\API\X_API_Master_Help\Help\Working\BuildReferenceTopics.proj]
BuildAssembler : warning : ShowMissingComponent: [T:X.UI.API.FilterConfig] Missing &lt;summary&gt; documentation [D:\Project\git\API\X_API_Master_Help\Help\Working\BuildReferenceTopics.proj]
BuildAssembler : warning : ShowMissingComponent: [M:X.UI.API.FilterConfig.RegisterGlobalFilters(System.Web.Mvc.GlobalFilterCollection)] Missing &lt;summary&gt; documentation [D:\Project\git\API\X_API_Master_Help\Help\Working\BuildReferenceTopics.proj]
BuildAssembler : warning : ShowMissingComponent: [M:X.UI.API.FilterConfig.RegisterGlobalFilters(System.Web.Mvc.GlobalFilterCollection)] Missing &lt;param name=&quot;filters&quot;/&gt; documentation [D:\Project\git\API\X_API_Master_Help\Help\Working\BuildReferenceTopics.proj]
BuildAssembler : warning : ShowMissingComponent: [T:X.UI.API.RouteConfig] Missing &lt;summary&gt; documentation [D:\Project\git\API\X_API_Master_Help\Help\Working\BuildReferenceTopics.proj]
BuildAssembler : warning : ShowMissingComponent: [M:X.UI.API.RouteConfig.RegisterRoutes(System.Web.Routing.RouteCollection)] Missing &lt;summary&gt; documentation [D:\Project\git\API\X_API_Master_Help\Help\Working\BuildReferenceTopics.proj]
BuildAssembler : warning : ShowMissingComponent: [M:X.UI.API.RouteConfig.RegisterRoutes(System.Web.Routing.RouteCollection)] Missing &lt;param name=&quot;routes&quot;/&gt; documentation [D:\Project\git\API\X_API_Master_Help\Help\Working\BuildReferenceTopics.proj]
BuildAssembler : warning : ShowMissingComponent: [T:X.UI.API.WebApiApplication] Missing &lt;summary&gt; documentation [D:\Project\git\API\X_API_Master_Help\Help\Working\BuildReferenceTopics.proj]
BuildAssembler : warning : ShowMissingComponent: [M:X.UI.API.WebApiApplication.Application_Error(System.Object,System.EventArgs)] Missing &lt;summary&gt; documentation [D:\Project\git\API\X_API_Master_Help\Help\Working\BuildReferenceTopics.proj]
BuildAssembler : warning : ShowMissingComponent: [M:X.UI.API.WebApiApplication.Application_Error(System.Object,System.EventArgs)] Missing &lt;param name=&quot;sender&quot;/&gt; documentation [D:\Project\git\API\X_API_Master_Help\Help\Working\BuildReferenceTopics.proj]
BuildAssembler : warning : ShowMissingComponent: [M:X.UI.API.WebApiApplication.Application_Error(System.Object,System.EventArgs)] Missing &lt;param name=&quot;e&quot;/&gt; documentation [D:\Project\git\API\X_API_Master_Help\Help\Working\BuildReferenceTopics.proj]
BuildAssembler : warning : ShowMissingComponent: [M:X.UI.API.WebApiApplication.Application_Start] Missing &lt;summary&gt; documentation [D:\Project\git\API\X_API_Master_Help\Help\Working\BuildReferenceTopics.proj]
BuildAssembler : warning : ShowMissingComponent: [T:X.UI.API.WebApiConfig] Missing &lt;summary&gt; documentation [D:\Project\git\API\X_API_Master_Help\Help\Working\BuildReferenceTopics.proj]
BuildAssembler : warning : ShowMissingComponent: [M:X.UI.API.WebApiConfig.Register(System.Web.Http.HttpConfiguration)] Missing &lt;summary&gt; documentation [D:\Project\git\API\X_API_Master_Help\Help\Working\BuildReferenceTopics.proj]
BuildAssembler : warning : ShowMissingComponent: [M:X.UI.API.WebApiConfig.Register(System.Web.Http.HttpConfiguration)] Missing &lt;param name=&quot;config&quot;/&gt; documentation [D:\Project\git\API\X_API_Master_Help\Help\Working\BuildReferenceTopics.proj]
BuildAssembler : warning : ShowMissingComponent: [N:X.UI.API.Controllers] Missing &lt;summary&gt; documentation [D:\Project\git\API\X_API_Master_Help\Help\Working\BuildReferenceTopics.proj]
BuildAssembler : warning : ResolveReferenceLinksComponent: [M:X.UI.API.Controllers.KmsController.MobileEncrypt(System.String)] Unknown reference link target &#39;T:Em.FundTrade.EncryptHelper.EncryptResult&#39;. [D:\Project\git\API\X_API_Master_Help\Help\Working\BuildReferenceTopics.proj]
BuildAssembler : warning : ResolveReferenceLinksComponent: [M:X.UI.API.Controllers.KmsController.MobileEncrypt(System.String)] Unknown reference link target &#39;T:Em.FundTrade.EncryptHelper.EncryptResult&#39;. [D:\Project\git\API\X_API_Master_Help\Help\Working\BuildReferenceTopics.proj]
BuildAssembler : warning : ShowMissingComponent: [N:X.UI.API.Model] Missing &lt;summary&gt; documentation [D:\Project\git\API\X_API_Master_Help\Help\Working\BuildReferenceTopics.proj]
BuildAssembler : warning : ShowMissingComponent: [T:X.UI.API.Model.ApiRequestContext] Missing &lt;summary&gt; documentation [D:\Project\git\API\X_API_Master_Help\Help\Working\BuildReferenceTopics.proj]
BuildAssembler : warning : ResolveReferenceLinksComponent: [T:X.UI.API.Model.ApiRequestContext] Unknown reference link target &#39;T:X.Util.Entities.MongoBaseModel&#39;. [D:\Project\git\API\X_API_Master_Help\Help\Working\BuildReferenceTopics.proj]
BuildAssembler : warning : ResolveReferenceLinksComponent: [T:X.UI.API.Model.ApiRequestContext] Unknown reference link target &#39;P:X.Util.Entities.MongoBaseModel.Id&#39;. [D:\Project\git\API\X_API_Master_Help\Help\Working\BuildReferenceTopics.proj]
BuildAssembler : warning : ResolveReferenceLinksComponent: [T:X.UI.API.Model.ApiRequestContext] Unknown reference link target &#39;T:X.Util.Entities.MongoBaseModel&#39;. [D:\Project\git\API\X_API_Master_Help\Help\Working\BuildReferenceTopics.proj]
BuildAssembler : warning : ResolveReferenceLinksComponent: [T:X.UI.API.Model.ApiRequestContext] Unknown reference link target &#39;T:X.Util.Entities.MongoBaseModel&#39;. [D:\Project\git\API\X_API_Master_Help\Help\Working\BuildReferenceTopics.proj]
BuildAssembler : warning : ResolveReferenceLinksComponent: [T:X.UI.API.Model.ApiRequestContext] Unknown reference link target &#39;P:X.Util.Entities.MongoBaseModel.Id&#39;. [D:\Project\git\API\X_API_Master_Help\Help\Working\BuildReferenceTopics.proj]
BuildAssembler : warning : ResolveReferenceLinksComponent: [T:X.UI.API.Model.ApiRequestContext] Unknown reference link target &#39;T:X.Util.Entities.MongoBaseModel&#39;. [D:\Project\git\API\X_API_Master_Help\Help\Working\BuildReferenceTopics.proj]
BuildAssembler : warning : ResolveReferenceLinksComponent: [Properties.T:X.UI.API.Model.ApiRequestContext] Unknown reference link target &#39;P:X.Util.Entities.MongoBaseModel.Id&#39;. [D:\Project\git\API\X_API_Master_Help\Help\Working\BuildReferenceTopics.proj]
BuildAssembler : warning : ResolveReferenceLinksComponent: [Properties.T:X.UI.API.Model.ApiRequestContext] Unknown reference link target &#39;T:X.Util.Entities.MongoBaseModel&#39;. [D:\Project\git\API\X_API_Master_Help\Help\Working\BuildReferenceTopics.proj]
BuildAssembler : warning : ResolveReferenceLinksComponent: [Properties.T:X.UI.API.Model.ApiRequestContext] Unknown reference link target &#39;P:X.Util.Entities.MongoBaseModel.Id&#39;. [D:\Project\git\API\X_API_Master_Help\Help\Working\BuildReferenceTopics.proj]
BuildAssembler : warning : ResolveReferenceLinksComponent: [Properties.T:X.UI.API.Model.ApiRequestContext] Unknown reference link target &#39;T:X.Util.Entities.MongoBaseModel&#39;. [D:\Project\git\API\X_API_Master_Help\Help\Working\BuildReferenceTopics.proj]
BuildAssembler : warning : ShowMissingComponent: [N:X.UI.API.Util] Missing &lt;summary&gt; documentation [D:\Project\git\API\X_API_Master_Help\Help\Working\BuildReferenceTopics.proj]
BuildAssembler : warning : ShowMissingComponent: [T:X.UI.API.Util.ApiExceptionAttribute] Missing &lt;summary&gt; documentation [D:\Project\git\API\X_API_Master_Help\Help\Working\BuildReferenceTopics.proj]
BuildAssembler : warning : ShowMissingComponent: [T:X.UI.API.Util.ControllerHelper] Missing &lt;summary&gt; documentation [D:\Project\git\API\X_API_Master_Help\Help\Working\BuildReferenceTopics.proj]
BuildAssembler : warning : ShowMissingComponent: [M:X.UI.API.Util.ControllerHelper.ApiCallMonitor(X.UI.API.Model.ApiRequestContext)] Missing &lt;param name=&quot;context&quot;/&gt; documentation [D:\Project\git\API\X_API_Master_Help\Help\Working\BuildReferenceTopics.proj]
BuildAssembler : warning : ShowMissingComponent: [M:X.UI.API.Util.ControllerHelper.CacheInit(System.Boolean)] Missing &lt;param name=&quot;noCache&quot;/&gt; documentation [D:\Project\git\API\X_API_Master_Help\Help\Working\BuildReferenceTopics.proj]
BuildAssembler : warning : ShowMissingComponent: [M:X.UI.API.Util.ControllerHelper.CallSuccess``1(X.Interface.Dto.ApiResult{``0})] Missing &lt;typeparam name=&quot;TResult&quot;/&gt; documentation [D:\Project\git\API\X_API_Master_Help\Help\Working\BuildReferenceTopics.proj]
BuildAssembler : warning : ShowMissingComponent: [M:X.UI.API.Util.ControllerHelper.CallSuccess``1(X.Interface.Dto.ApiResult{``0})] Missing &lt;returns&gt; documentation [D:\Project\git\API\X_API_Master_Help\Help\Working\BuildReferenceTopics.proj]
BuildAssembler : warning : ShowMissingComponent: [M:X.UI.API.Util.ControllerHelper.CallSuccess``1(X.Interface.Dto.ApiResult{``0})] Missing &lt;param name=&quot;iresult&quot;/&gt; documentation [D:\Project\git\API\X_API_Master_Help\Help\Working\BuildReferenceTopics.proj]
BuildAssembler : warning : ShowMissingComponent: [F:X.UI.API.Util.ControllerHelper.EDomain] Missing &lt;summary&gt; documentation [D:\Project\git\API\X_API_Master_Help\Help\Working\BuildReferenceTopics.proj]
BuildAssembler : warning : ResolveReferenceLinksComponent: [F:X.UI.API.Util.ControllerHelper.EDomain] Unknown reference link target &#39;T:X.Util.Entities.Enums.LogDomain&#39;. [D:\Project\git\API\X_API_Master_Help\Help\Working\BuildReferenceTopics.proj]
BuildAssembler : warning : ResolveReferenceLinksComponent: [F:X.UI.API.Util.ControllerHelper.EDomain] Unknown reference link target &#39;T:X.Util.Entities.Enums.LogDomain&#39;. [D:\Project\git\API\X_API_Master_Help\Help\Working\BuildReferenceTopics.proj]
BuildAssembler : warning : ShowMissingComponent: [M:X.UI.API.Util.ControllerHelper.GetApiRequestContext(System.Web.Http.Controllers.HttpActionContext)] Missing &lt;returns&gt; documentation [D:\Project\git\API\X_API_Master_Help\Help\Working\BuildReferenceTopics.proj]
BuildAssembler : warning : ShowMissingComponent: [M:X.UI.API.Util.ControllerHelper.GetApiRequestContext(System.Web.Http.Controllers.HttpActionContext)] Missing &lt;param name=&quot;actionContext&quot;/&gt; documentation [D:\Project\git\API\X_API_Master_Help\Help\Working\BuildReferenceTopics.proj]
BuildAssembler : warning : ShowMissingComponent: [M:X.UI.API.Util.ControllerHelper.GetHttpContextWrapper(System.Web.Http.Controllers.HttpActionContext)] Missing &lt;returns&gt; documentation [D:\Project\git\API\X_API_Master_Help\Help\Working\BuildReferenceTopics.proj]
BuildAssembler : warning : ShowMissingComponent: [M:X.UI.API.Util.ControllerHelper.GetHttpContextWrapper(System.Web.Http.Controllers.HttpActionContext)] Missing &lt;param name=&quot;actionContext&quot;/&gt; documentation [D:\Project\git\API\X_API_Master_Help\Help\Working\BuildReferenceTopics.proj]
BuildAssembler : warning : ShowMissingComponent: [M:X.UI.API.Util.ControllerHelper.GetUid(System.Web.Http.Controllers.HttpActionContext)] Missing &lt;returns&gt; documentation [D:\Project\git\API\X_API_Master_Help\Help\Working\BuildReferenceTopics.proj]
BuildAssembler : warning : ShowMissingComponent: [M:X.UI.API.Util.ControllerHelper.GetUid(System.Web.Http.Controllers.HttpActionContext)] Missing &lt;param name=&quot;actionContext&quot;/&gt; documentation [D:\Project\git\API\X_API_Master_Help\Help\Working\BuildReferenceTopics.proj]
BuildAssembler : warning : ShowMissingComponent: [M:X.UI.API.Util.ControllerHelper.OnActionExecuted(System.Web.Http.Filters.HttpActionExecutedContext)] Missing &lt;param name=&quot;actionExecutedContext&quot;/&gt; documentation [D:\Project\git\API\X_API_Master_Help\Help\Working\BuildReferenceTopics.proj]
BuildAssembler : warning : ShowMissingComponent: [P:X.UI.API.Util.OutputCacheAttribute.Duration] Missing &lt;summary&gt; documentation [D:\Project\git\API\X_API_Master_Help\Help\Working\BuildReferenceTopics.proj]
BuildAssembler : warning : ShowMissingComponent: [M:X.UI.API.Util.UserBaseController.UserIdentity(System.Web.Http.Controllers.HttpActionContext)] Missing &lt;param name=&quot;actionContext&quot;/&gt; documentation [D:\Project\git\API\X_API_Master_Help\Help\Working\BuildReferenceTopics.proj]
  Processed 140 topic(s)
  67 warning(s)
  CopyFromIndexComponent: &quot;reflection&quot; in-memory cache entries used: 5 of 15.
  CopyFromIndexComponent: &quot;comments&quot; in-memory cache entries used: 3 of 30.
  ResolveReferenceLinksComponent: New MSDN content ID cache size: 127 entries
已完成生成项目“D:\Project\git\API\X_API_Master_Help\Help\Working\BuildReferenceTopics.proj”(默认目标)的操作。

已成功生成。

已用时间 00:02:07.49
    Last step completed in 00:02:07.6595
</buildStep>
<buildStep step="CombiningIntermediateTocFiles">
Combining conceptual and API intermediate TOC files...

Clearing any prior web output
    Last step completed in 00:00:01.3192
</buildStep>
<buildStep step="ExtractingHtmlInfo">
Extracting HTML info for HTML Help 1 and/or website...
[C:\Windows\Microsoft.NET\Framework64\v4.0.30319\MSBuild.exe]
Sandcastle Help File Builder, version 2015.1.12.0
Copyright ? 2006-2015, Eric Woodruff, All Rights Reserved
E-Mail: Eric@EWoodruff.us

Using LCID &#39;2052&#39;, code page &#39;936&#39;, encoding charset &#39;gb2312&#39;.

Processing Help 1 files in D:\Project\git\API\X_API_Master_Help\Help\Working\Output\HtmlHelp1
Processed 140 HTML files
Sorting keywords and generating See Also indices
Saving HTML Help 1 keyword index to D:\Project\git\API\X_API_Master_Help\Help\Working\Documentation.hhk
Saving HTML Help 1 table of contents to D:\Project\git\API\X_API_Master_Help\Help\Working\Documentation.hhc

Processing website files in D:\Project\git\API\X_API_Master_Help\Help\Working\Output\Website
Processed 140 HTML files
Sorting keywords and generating See Also indices
Saving website keyword index to D:\Project\git\API\X_API_Master_Help\Help\Working\WebKI.xml
Saving website table of contents to D:\Project\git\API\X_API_Master_Help\Help\Working\WebTOC.xml
    Last step completed in 00:00:00.3704
</buildStep>
<buildStep step="CopyStandardHelpContent">
Copying standard help content...
C:\Program Files (x86)\EWSoftware\Sandcastle Help File Builder\PresentationStyles\VS2013\icons\AlertCaution.png -&gt; D:\Project\git\API\X_API_Master_Help\Help\Working\Output\HtmlHelp1\icons\AlertCaution.png
C:\Program Files (x86)\EWSoftware\Sandcastle Help File Builder\PresentationStyles\VS2013\icons\AlertNote.png -&gt; D:\Project\git\API\X_API_Master_Help\Help\Working\Output\HtmlHelp1\icons\AlertNote.png
C:\Program Files (x86)\EWSoftware\Sandcastle Help File Builder\PresentationStyles\VS2013\icons\AlertSecurity.png -&gt; D:\Project\git\API\X_API_Master_Help\Help\Working\Output\HtmlHelp1\icons\AlertSecurity.png
C:\Program Files (x86)\EWSoftware\Sandcastle Help File Builder\PresentationStyles\VS2013\icons\CFW.gif -&gt; D:\Project\git\API\X_API_Master_Help\Help\Working\Output\HtmlHelp1\icons\CFW.gif
C:\Program Files (x86)\EWSoftware\Sandcastle Help File Builder\PresentationStyles\VS2013\icons\CodeExample.png -&gt; D:\Project\git\API\X_API_Master_Help\Help\Working\Output\HtmlHelp1\icons\CodeExample.png
C:\Program Files (x86)\EWSoftware\Sandcastle Help File Builder\PresentationStyles\VS2013\icons\favicon.ico -&gt; D:\Project\git\API\X_API_Master_Help\Help\Working\Output\HtmlHelp1\icons\favicon.ico
C:\Program Files (x86)\EWSoftware\Sandcastle Help File Builder\PresentationStyles\VS2013\icons\privclass.gif -&gt; D:\Project\git\API\X_API_Master_Help\Help\Working\Output\HtmlHelp1\icons\privclass.gif
C:\Program Files (x86)\EWSoftware\Sandcastle Help File Builder\PresentationStyles\VS2013\icons\privdelegate.gif -&gt; D:\Project\git\API\X_API_Master_Help\Help\Working\Output\HtmlHelp1\icons\privdelegate.gif
C:\Program Files (x86)\EWSoftware\Sandcastle Help File Builder\PresentationStyles\VS2013\icons\privenumeration.gif -&gt; D:\Project\git\API\X_API_Master_Help\Help\Working\Output\HtmlHelp1\icons\privenumeration.gif
C:\Program Files (x86)\EWSoftware\Sandcastle Help File Builder\PresentationStyles\VS2013\icons\privevent.gif -&gt; D:\Project\git\API\X_API_Master_Help\Help\Working\Output\HtmlHelp1\icons\privevent.gif
C:\Program Files (x86)\EWSoftware\Sandcastle Help File Builder\PresentationStyles\VS2013\icons\privextension.gif -&gt; D:\Project\git\API\X_API_Master_Help\Help\Working\Output\HtmlHelp1\icons\privextension.gif
C:\Program Files (x86)\EWSoftware\Sandcastle Help File Builder\PresentationStyles\VS2013\icons\privfield.gif -&gt; D:\Project\git\API\X_API_Master_Help\Help\Working\Output\HtmlHelp1\icons\privfield.gif
C:\Program Files (x86)\EWSoftware\Sandcastle Help File Builder\PresentationStyles\VS2013\icons\privinterface.gif -&gt; D:\Project\git\API\X_API_Master_Help\Help\Working\Output\HtmlHelp1\icons\privinterface.gif
C:\Program Files (x86)\EWSoftware\Sandcastle Help File Builder\PresentationStyles\VS2013\icons\privmethod.gif -&gt; D:\Project\git\API\X_API_Master_Help\Help\Working\Output\HtmlHelp1\icons\privmethod.gif
C:\Program Files (x86)\EWSoftware\Sandcastle Help File Builder\PresentationStyles\VS2013\icons\privproperty.gif -&gt; D:\Project\git\API\X_API_Master_Help\Help\Working\Output\HtmlHelp1\icons\privproperty.gif
C:\Program Files (x86)\EWSoftware\Sandcastle Help File Builder\PresentationStyles\VS2013\icons\privstructure.gif -&gt; D:\Project\git\API\X_API_Master_Help\Help\Working\Output\HtmlHelp1\icons\privstructure.gif
C:\Program Files (x86)\EWSoftware\Sandcastle Help File Builder\PresentationStyles\VS2013\icons\protclass.gif -&gt; D:\Project\git\API\X_API_Master_Help\Help\Working\Output\HtmlHelp1\icons\protclass.gif
C:\Program Files (x86)\EWSoftware\Sandcastle Help File Builder\PresentationStyles\VS2013\icons\protdelegate.gif -&gt; D:\Project\git\API\X_API_Master_Help\Help\Working\Output\HtmlHelp1\icons\protdelegate.gif
C:\Program Files (x86)\EWSoftware\Sandcastle Help File Builder\PresentationStyles\VS2013\icons\protenumeration.gif -&gt; D:\Project\git\API\X_API_Master_Help\Help\Working\Output\HtmlHelp1\icons\protenumeration.gif
C:\Program Files (x86)\EWSoftware\Sandcastle Help File Builder\PresentationStyles\VS2013\icons\protevent.gif -&gt; D:\Project\git\API\X_API_Master_Help\Help\Working\Output\HtmlHelp1\icons\protevent.gif
C:\Program Files (x86)\EWSoftware\Sandcastle Help File Builder\PresentationStyles\VS2013\icons\protextension.gif -&gt; D:\Project\git\API\X_API_Master_Help\Help\Working\Output\HtmlHelp1\icons\protextension.gif
C:\Program Files (x86)\EWSoftware\Sandcastle Help File Builder\PresentationStyles\VS2013\icons\protfield.gif -&gt; D:\Project\git\API\X_API_Master_Help\Help\Working\Output\HtmlHelp1\icons\protfield.gif
C:\Program Files (x86)\EWSoftware\Sandcastle Help File Builder\PresentationStyles\VS2013\icons\protinterface.gif -&gt; D:\Project\git\API\X_API_Master_Help\Help\Working\Output\HtmlHelp1\icons\protinterface.gif
C:\Program Files (x86)\EWSoftware\Sandcastle Help File Builder\PresentationStyles\VS2013\icons\protmethod.gif -&gt; D:\Project\git\API\X_API_Master_Help\Help\Working\Output\HtmlHelp1\icons\protmethod.gif
C:\Program Files (x86)\EWSoftware\Sandcastle Help File Builder\PresentationStyles\VS2013\icons\protoperator.gif -&gt; D:\Project\git\API\X_API_Master_Help\Help\Working\Output\HtmlHelp1\icons\protoperator.gif
C:\Program Files (x86)\EWSoftware\Sandcastle Help File Builder\PresentationStyles\VS2013\icons\protproperty.gif -&gt; D:\Project\git\API\X_API_Master_Help\Help\Working\Output\HtmlHelp1\icons\protproperty.gif
C:\Program Files (x86)\EWSoftware\Sandcastle Help File Builder\PresentationStyles\VS2013\icons\protstructure.gif -&gt; D:\Project\git\API\X_API_Master_Help\Help\Working\Output\HtmlHelp1\icons\protstructure.gif
C:\Program Files (x86)\EWSoftware\Sandcastle Help File Builder\PresentationStyles\VS2013\icons\pubclass.gif -&gt; D:\Project\git\API\X_API_Master_Help\Help\Working\Output\HtmlHelp1\icons\pubclass.gif
C:\Program Files (x86)\EWSoftware\Sandcastle Help File Builder\PresentationStyles\VS2013\icons\pubdelegate.gif -&gt; D:\Project\git\API\X_API_Master_Help\Help\Working\Output\HtmlHelp1\icons\pubdelegate.gif
C:\Program Files (x86)\EWSoftware\Sandcastle Help File Builder\PresentationStyles\VS2013\icons\pubenumeration.gif -&gt; D:\Project\git\API\X_API_Master_Help\Help\Working\Output\HtmlHelp1\icons\pubenumeration.gif
C:\Program Files (x86)\EWSoftware\Sandcastle Help File Builder\PresentationStyles\VS2013\icons\pubevent.gif -&gt; D:\Project\git\API\X_API_Master_Help\Help\Working\Output\HtmlHelp1\icons\pubevent.gif
C:\Program Files (x86)\EWSoftware\Sandcastle Help File Builder\PresentationStyles\VS2013\icons\pubextension.gif -&gt; D:\Project\git\API\X_API_Master_Help\Help\Working\Output\HtmlHelp1\icons\pubextension.gif
C:\Program Files (x86)\EWSoftware\Sandcastle Help File Builder\PresentationStyles\VS2013\icons\pubfield.gif -&gt; D:\Project\git\API\X_API_Master_Help\Help\Working\Output\HtmlHelp1\icons\pubfield.gif
C:\Program Files (x86)\EWSoftware\Sandcastle Help File Builder\PresentationStyles\VS2013\icons\pubinterface.gif -&gt; D:\Project\git\API\X_API_Master_Help\Help\Working\Output\HtmlHelp1\icons\pubinterface.gif
C:\Program Files (x86)\EWSoftware\Sandcastle Help File Builder\PresentationStyles\VS2013\icons\pubmethod.gif -&gt; D:\Project\git\API\X_API_Master_Help\Help\Working\Output\HtmlHelp1\icons\pubmethod.gif
C:\Program Files (x86)\EWSoftware\Sandcastle Help File Builder\PresentationStyles\VS2013\icons\puboperator.gif -&gt; D:\Project\git\API\X_API_Master_Help\Help\Working\Output\HtmlHelp1\icons\puboperator.gif
C:\Program Files (x86)\EWSoftware\Sandcastle Help File Builder\PresentationStyles\VS2013\icons\pubproperty.gif -&gt; D:\Project\git\API\X_API_Master_Help\Help\Working\Output\HtmlHelp1\icons\pubproperty.gif
C:\Program Files (x86)\EWSoftware\Sandcastle Help File Builder\PresentationStyles\VS2013\icons\pubstructure.gif -&gt; D:\Project\git\API\X_API_Master_Help\Help\Working\Output\HtmlHelp1\icons\pubstructure.gif
C:\Program Files (x86)\EWSoftware\Sandcastle Help File Builder\PresentationStyles\VS2013\icons\SectionCollapsed.png -&gt; D:\Project\git\API\X_API_Master_Help\Help\Working\Output\HtmlHelp1\icons\SectionCollapsed.png
C:\Program Files (x86)\EWSoftware\Sandcastle Help File Builder\PresentationStyles\VS2013\icons\SectionExpanded.png -&gt; D:\Project\git\API\X_API_Master_Help\Help\Working\Output\HtmlHelp1\icons\SectionExpanded.png
C:\Program Files (x86)\EWSoftware\Sandcastle Help File Builder\PresentationStyles\VS2013\icons\slMobile.gif -&gt; D:\Project\git\API\X_API_Master_Help\Help\Working\Output\HtmlHelp1\icons\slMobile.gif
C:\Program Files (x86)\EWSoftware\Sandcastle Help File Builder\PresentationStyles\VS2013\icons\static.gif -&gt; D:\Project\git\API\X_API_Master_Help\Help\Working\Output\HtmlHelp1\icons\static.gif
C:\Program Files (x86)\EWSoftware\Sandcastle Help File Builder\PresentationStyles\VS2013\icons\xna.gif -&gt; D:\Project\git\API\X_API_Master_Help\Help\Working\Output\HtmlHelp1\icons\xna.gif
C:\Program Files (x86)\EWSoftware\Sandcastle Help File Builder\PresentationStyles\VS2013\scripts\branding.js -&gt; D:\Project\git\API\X_API_Master_Help\Help\Working\Output\HtmlHelp1\scripts\branding.js
C:\Program Files (x86)\EWSoftware\Sandcastle Help File Builder\PresentationStyles\VS2013\styles\branding-cs-CZ.css -&gt; D:\Project\git\API\X_API_Master_Help\Help\Working\Output\HtmlHelp1\styles\branding-cs-CZ.css
C:\Program Files (x86)\EWSoftware\Sandcastle Help File Builder\PresentationStyles\VS2013\styles\branding-de-DE.css -&gt; D:\Project\git\API\X_API_Master_Help\Help\Working\Output\HtmlHelp1\styles\branding-de-DE.css
C:\Program Files (x86)\EWSoftware\Sandcastle Help File Builder\PresentationStyles\VS2013\styles\branding-en-US.css -&gt; D:\Project\git\API\X_API_Master_Help\Help\Working\Output\HtmlHelp1\styles\branding-en-US.css
C:\Program Files (x86)\EWSoftware\Sandcastle Help File Builder\PresentationStyles\VS2013\styles\branding-es-ES.css -&gt; D:\Project\git\API\X_API_Master_Help\Help\Working\Output\HtmlHelp1\styles\branding-es-ES.css
C:\Program Files (x86)\EWSoftware\Sandcastle Help File Builder\PresentationStyles\VS2013\styles\branding-fr-FR.css -&gt; D:\Project\git\API\X_API_Master_Help\Help\Working\Output\HtmlHelp1\styles\branding-fr-FR.css
C:\Program Files (x86)\EWSoftware\Sandcastle Help File Builder\PresentationStyles\VS2013\styles\branding-Help1.css -&gt; D:\Project\git\API\X_API_Master_Help\Help\Working\Output\HtmlHelp1\styles\branding-Help1.css
C:\Program Files (x86)\EWSoftware\Sandcastle Help File Builder\PresentationStyles\VS2013\styles\branding-Help2.css -&gt; D:\Project\git\API\X_API_Master_Help\Help\Working\Output\HtmlHelp1\styles\branding-Help2.css
C:\Program Files (x86)\EWSoftware\Sandcastle Help File Builder\PresentationStyles\VS2013\styles\branding-HelpViewer.css -&gt; D:\Project\git\API\X_API_Master_Help\Help\Working\Output\HtmlHelp1\styles\branding-HelpViewer.css
C:\Program Files (x86)\EWSoftware\Sandcastle Help File Builder\PresentationStyles\VS2013\styles\branding-it-IT.css -&gt; D:\Project\git\API\X_API_Master_Help\Help\Working\Output\HtmlHelp1\styles\branding-it-IT.css
C:\Program Files (x86)\EWSoftware\Sandcastle Help File Builder\PresentationStyles\VS2013\styles\branding-ja-JP.css -&gt; D:\Project\git\API\X_API_Master_Help\Help\Working\Output\HtmlHelp1\styles\branding-ja-JP.css
C:\Program Files (x86)\EWSoftware\Sandcastle Help File Builder\PresentationStyles\VS2013\styles\branding-ko-KR.css -&gt; D:\Project\git\API\X_API_Master_Help\Help\Working\Output\HtmlHelp1\styles\branding-ko-KR.css
C:\Program Files (x86)\EWSoftware\Sandcastle Help File Builder\PresentationStyles\VS2013\styles\branding-pl-PL.css -&gt; D:\Project\git\API\X_API_Master_Help\Help\Working\Output\HtmlHelp1\styles\branding-pl-PL.css
C:\Program Files (x86)\EWSoftware\Sandcastle Help File Builder\PresentationStyles\VS2013\styles\branding-pt-BR.css -&gt; D:\Project\git\API\X_API_Master_Help\Help\Working\Output\HtmlHelp1\styles\branding-pt-BR.css
C:\Program Files (x86)\EWSoftware\Sandcastle Help File Builder\PresentationStyles\VS2013\styles\branding-ru-RU.css -&gt; D:\Project\git\API\X_API_Master_Help\Help\Working\Output\HtmlHelp1\styles\branding-ru-RU.css
C:\Program Files (x86)\EWSoftware\Sandcastle Help File Builder\PresentationStyles\VS2013\styles\branding-tr-TR.css -&gt; D:\Project\git\API\X_API_Master_Help\Help\Working\Output\HtmlHelp1\styles\branding-tr-TR.css
C:\Program Files (x86)\EWSoftware\Sandcastle Help File Builder\PresentationStyles\VS2013\styles\branding-Website.css -&gt; D:\Project\git\API\X_API_Master_Help\Help\Working\Output\HtmlHelp1\styles\branding-Website.css
C:\Program Files (x86)\EWSoftware\Sandcastle Help File Builder\PresentationStyles\VS2013\styles\branding-zh-CN.css -&gt; D:\Project\git\API\X_API_Master_Help\Help\Working\Output\HtmlHelp1\styles\branding-zh-CN.css
C:\Program Files (x86)\EWSoftware\Sandcastle Help File Builder\PresentationStyles\VS2013\styles\branding-zh-TW.css -&gt; D:\Project\git\API\X_API_Master_Help\Help\Working\Output\HtmlHelp1\styles\branding-zh-TW.css
C:\Program Files (x86)\EWSoftware\Sandcastle Help File Builder\PresentationStyles\VS2013\styles\branding.css -&gt; D:\Project\git\API\X_API_Master_Help\Help\Working\Output\HtmlHelp1\styles\branding.css
C:\Program Files (x86)\EWSoftware\Sandcastle Help File Builder\PresentationStyles\VS2013\icons\AlertCaution.png -&gt; D:\Project\git\API\X_API_Master_Help\Help\Working\Output\Website\icons\AlertCaution.png
C:\Program Files (x86)\EWSoftware\Sandcastle Help File Builder\PresentationStyles\VS2013\icons\AlertNote.png -&gt; D:\Project\git\API\X_API_Master_Help\Help\Working\Output\Website\icons\AlertNote.png
C:\Program Files (x86)\EWSoftware\Sandcastle Help File Builder\PresentationStyles\VS2013\icons\AlertSecurity.png -&gt; D:\Project\git\API\X_API_Master_Help\Help\Working\Output\Website\icons\AlertSecurity.png
C:\Program Files (x86)\EWSoftware\Sandcastle Help File Builder\PresentationStyles\VS2013\icons\CFW.gif -&gt; D:\Project\git\API\X_API_Master_Help\Help\Working\Output\Website\icons\CFW.gif
C:\Program Files (x86)\EWSoftware\Sandcastle Help File Builder\PresentationStyles\VS2013\icons\CodeExample.png -&gt; D:\Project\git\API\X_API_Master_Help\Help\Working\Output\Website\icons\CodeExample.png
C:\Program Files (x86)\EWSoftware\Sandcastle Help File Builder\PresentationStyles\VS2013\icons\favicon.ico -&gt; D:\Project\git\API\X_API_Master_Help\Help\Working\Output\Website\icons\favicon.ico
C:\Program Files (x86)\EWSoftware\Sandcastle Help File Builder\PresentationStyles\VS2013\icons\privclass.gif -&gt; D:\Project\git\API\X_API_Master_Help\Help\Working\Output\Website\icons\privclass.gif
C:\Program Files (x86)\EWSoftware\Sandcastle Help File Builder\PresentationStyles\VS2013\icons\privdelegate.gif -&gt; D:\Project\git\API\X_API_Master_Help\Help\Working\Output\Website\icons\privdelegate.gif
C:\Program Files (x86)\EWSoftware\Sandcastle Help File Builder\PresentationStyles\VS2013\icons\privenumeration.gif -&gt; D:\Project\git\API\X_API_Master_Help\Help\Working\Output\Website\icons\privenumeration.gif
C:\Program Files (x86)\EWSoftware\Sandcastle Help File Builder\PresentationStyles\VS2013\icons\privevent.gif -&gt; D:\Project\git\API\X_API_Master_Help\Help\Working\Output\Website\icons\privevent.gif
C:\Program Files (x86)\EWSoftware\Sandcastle Help File Builder\PresentationStyles\VS2013\icons\privextension.gif -&gt; D:\Project\git\API\X_API_Master_Help\Help\Working\Output\Website\icons\privextension.gif
C:\Program Files (x86)\EWSoftware\Sandcastle Help File Builder\PresentationStyles\VS2013\icons\privfield.gif -&gt; D:\Project\git\API\X_API_Master_Help\Help\Working\Output\Website\icons\privfield.gif
C:\Program Files (x86)\EWSoftware\Sandcastle Help File Builder\PresentationStyles\VS2013\icons\privinterface.gif -&gt; D:\Project\git\API\X_API_Master_Help\Help\Working\Output\Website\icons\privinterface.gif
C:\Program Files (x86)\EWSoftware\Sandcastle Help File Builder\PresentationStyles\VS2013\icons\privmethod.gif -&gt; D:\Project\git\API\X_API_Master_Help\Help\Working\Output\Website\icons\privmethod.gif
C:\Program Files (x86)\EWSoftware\Sandcastle Help File Builder\PresentationStyles\VS2013\icons\privproperty.gif -&gt; D:\Project\git\API\X_API_Master_Help\Help\Working\Output\Website\icons\privproperty.gif
C:\Program Files (x86)\EWSoftware\Sandcastle Help File Builder\PresentationStyles\VS2013\icons\privstructure.gif -&gt; D:\Project\git\API\X_API_Master_Help\Help\Working\Output\Website\icons\privstructure.gif
C:\Program Files (x86)\EWSoftware\Sandcastle Help File Builder\PresentationStyles\VS2013\icons\protclass.gif -&gt; D:\Project\git\API\X_API_Master_Help\Help\Working\Output\Website\icons\protclass.gif
C:\Program Files (x86)\EWSoftware\Sandcastle Help File Builder\PresentationStyles\VS2013\icons\protdelegate.gif -&gt; D:\Project\git\API\X_API_Master_Help\Help\Working\Output\Website\icons\protdelegate.gif
C:\Program Files (x86)\EWSoftware\Sandcastle Help File Builder\PresentationStyles\VS2013\icons\protenumeration.gif -&gt; D:\Project\git\API\X_API_Master_Help\Help\Working\Output\Website\icons\protenumeration.gif
C:\Program Files (x86)\EWSoftware\Sandcastle Help File Builder\PresentationStyles\VS2013\icons\protevent.gif -&gt; D:\Project\git\API\X_API_Master_Help\Help\Working\Output\Website\icons\protevent.gif
C:\Program Files (x86)\EWSoftware\Sandcastle Help File Builder\PresentationStyles\VS2013\icons\protextension.gif -&gt; D:\Project\git\API\X_API_Master_Help\Help\Working\Output\Website\icons\protextension.gif
C:\Program Files (x86)\EWSoftware\Sandcastle Help File Builder\PresentationStyles\VS2013\icons\protfield.gif -&gt; D:\Project\git\API\X_API_Master_Help\Help\Working\Output\Website\icons\protfield.gif
C:\Program Files (x86)\EWSoftware\Sandcastle Help File Builder\PresentationStyles\VS2013\icons\protinterface.gif -&gt; D:\Project\git\API\X_API_Master_Help\Help\Working\Output\Website\icons\protinterface.gif
C:\Program Files (x86)\EWSoftware\Sandcastle Help File Builder\PresentationStyles\VS2013\icons\protmethod.gif -&gt; D:\Project\git\API\X_API_Master_Help\Help\Working\Output\Website\icons\protmethod.gif
C:\Program Files (x86)\EWSoftware\Sandcastle Help File Builder\PresentationStyles\VS2013\icons\protoperator.gif -&gt; D:\Project\git\API\X_API_Master_Help\Help\Working\Output\Website\icons\protoperator.gif
C:\Program Files (x86)\EWSoftware\Sandcastle Help File Builder\PresentationStyles\VS2013\icons\protproperty.gif -&gt; D:\Project\git\API\X_API_Master_Help\Help\Working\Output\Website\icons\protproperty.gif
C:\Program Files (x86)\EWSoftware\Sandcastle Help File Builder\PresentationStyles\VS2013\icons\protstructure.gif -&gt; D:\Project\git\API\X_API_Master_Help\Help\Working\Output\Website\icons\protstructure.gif
C:\Program Files (x86)\EWSoftware\Sandcastle Help File Builder\PresentationStyles\VS2013\icons\pubclass.gif -&gt; D:\Project\git\API\X_API_Master_Help\Help\Working\Output\Website\icons\pubclass.gif
C:\Program Files (x86)\EWSoftware\Sandcastle Help File Builder\PresentationStyles\VS2013\icons\pubdelegate.gif -&gt; D:\Project\git\API\X_API_Master_Help\Help\Working\Output\Website\icons\pubdelegate.gif
C:\Program Files (x86)\EWSoftware\Sandcastle Help File Builder\PresentationStyles\VS2013\icons\pubenumeration.gif -&gt; D:\Project\git\API\X_API_Master_Help\Help\Working\Output\Website\icons\pubenumeration.gif
C:\Program Files (x86)\EWSoftware\Sandcastle Help File Builder\PresentationStyles\VS2013\icons\pubevent.gif -&gt; D:\Project\git\API\X_API_Master_Help\Help\Working\Output\Website\icons\pubevent.gif
C:\Program Files (x86)\EWSoftware\Sandcastle Help File Builder\PresentationStyles\VS2013\icons\pubextension.gif -&gt; D:\Project\git\API\X_API_Master_Help\Help\Working\Output\Website\icons\pubextension.gif
C:\Program Files (x86)\EWSoftware\Sandcastle Help File Builder\PresentationStyles\VS2013\icons\pubfield.gif -&gt; D:\Project\git\API\X_API_Master_Help\Help\Working\Output\Website\icons\pubfield.gif
C:\Program Files (x86)\EWSoftware\Sandcastle Help File Builder\PresentationStyles\VS2013\icons\pubinterface.gif -&gt; D:\Project\git\API\X_API_Master_Help\Help\Working\Output\Website\icons\pubinterface.gif
C:\Program Files (x86)\EWSoftware\Sandcastle Help File Builder\PresentationStyles\VS2013\icons\pubmethod.gif -&gt; D:\Project\git\API\X_API_Master_Help\Help\Working\Output\Website\icons\pubmethod.gif
C:\Program Files (x86)\EWSoftware\Sandcastle Help File Builder\PresentationStyles\VS2013\icons\puboperator.gif -&gt; D:\Project\git\API\X_API_Master_Help\Help\Working\Output\Website\icons\puboperator.gif
C:\Program Files (x86)\EWSoftware\Sandcastle Help File Builder\PresentationStyles\VS2013\icons\pubproperty.gif -&gt; D:\Project\git\API\X_API_Master_Help\Help\Working\Output\Website\icons\pubproperty.gif
C:\Program Files (x86)\EWSoftware\Sandcastle Help File Builder\PresentationStyles\VS2013\icons\pubstructure.gif -&gt; D:\Project\git\API\X_API_Master_Help\Help\Working\Output\Website\icons\pubstructure.gif
C:\Program Files (x86)\EWSoftware\Sandcastle Help File Builder\PresentationStyles\VS2013\icons\SectionCollapsed.png -&gt; D:\Project\git\API\X_API_Master_Help\Help\Working\Output\Website\icons\SectionCollapsed.png
C:\Program Files (x86)\EWSoftware\Sandcastle Help File Builder\PresentationStyles\VS2013\icons\SectionExpanded.png -&gt; D:\Project\git\API\X_API_Master_Help\Help\Working\Output\Website\icons\SectionExpanded.png
C:\Program Files (x86)\EWSoftware\Sandcastle Help File Builder\PresentationStyles\VS2013\icons\slMobile.gif -&gt; D:\Project\git\API\X_API_Master_Help\Help\Working\Output\Website\icons\slMobile.gif
C:\Program Files (x86)\EWSoftware\Sandcastle Help File Builder\PresentationStyles\VS2013\icons\static.gif -&gt; D:\Project\git\API\X_API_Master_Help\Help\Working\Output\Website\icons\static.gif
C:\Program Files (x86)\EWSoftware\Sandcastle Help File Builder\PresentationStyles\VS2013\icons\xna.gif -&gt; D:\Project\git\API\X_API_Master_Help\Help\Working\Output\Website\icons\xna.gif
C:\Program Files (x86)\EWSoftware\Sandcastle Help File Builder\PresentationStyles\VS2013\scripts\branding.js -&gt; D:\Project\git\API\X_API_Master_Help\Help\Working\Output\Website\scripts\branding.js
C:\Program Files (x86)\EWSoftware\Sandcastle Help File Builder\PresentationStyles\VS2013\styles\branding-cs-CZ.css -&gt; D:\Project\git\API\X_API_Master_Help\Help\Working\Output\Website\styles\branding-cs-CZ.css
C:\Program Files (x86)\EWSoftware\Sandcastle Help File Builder\PresentationStyles\VS2013\styles\branding-de-DE.css -&gt; D:\Project\git\API\X_API_Master_Help\Help\Working\Output\Website\styles\branding-de-DE.css
C:\Program Files (x86)\EWSoftware\Sandcastle Help File Builder\PresentationStyles\VS2013\styles\branding-en-US.css -&gt; D:\Project\git\API\X_API_Master_Help\Help\Working\Output\Website\styles\branding-en-US.css
C:\Program Files (x86)\EWSoftware\Sandcastle Help File Builder\PresentationStyles\VS2013\styles\branding-es-ES.css -&gt; D:\Project\git\API\X_API_Master_Help\Help\Working\Output\Website\styles\branding-es-ES.css
C:\Program Files (x86)\EWSoftware\Sandcastle Help File Builder\PresentationStyles\VS2013\styles\branding-fr-FR.css -&gt; D:\Project\git\API\X_API_Master_Help\Help\Working\Output\Website\styles\branding-fr-FR.css
C:\Program Files (x86)\EWSoftware\Sandcastle Help File Builder\PresentationStyles\VS2013\styles\branding-Help1.css -&gt; D:\Project\git\API\X_API_Master_Help\Help\Working\Output\Website\styles\branding-Help1.css
C:\Program Files (x86)\EWSoftware\Sandcastle Help File Builder\PresentationStyles\VS2013\styles\branding-Help2.css -&gt; D:\Project\git\API\X_API_Master_Help\Help\Working\Output\Website\styles\branding-Help2.css
C:\Program Files (x86)\EWSoftware\Sandcastle Help File Builder\PresentationStyles\VS2013\styles\branding-HelpViewer.css -&gt; D:\Project\git\API\X_API_Master_Help\Help\Working\Output\Website\styles\branding-HelpViewer.css
C:\Program Files (x86)\EWSoftware\Sandcastle Help File Builder\PresentationStyles\VS2013\styles\branding-it-IT.css -&gt; D:\Project\git\API\X_API_Master_Help\Help\Working\Output\Website\styles\branding-it-IT.css
C:\Program Files (x86)\EWSoftware\Sandcastle Help File Builder\PresentationStyles\VS2013\styles\branding-ja-JP.css -&gt; D:\Project\git\API\X_API_Master_Help\Help\Working\Output\Website\styles\branding-ja-JP.css
C:\Program Files (x86)\EWSoftware\Sandcastle Help File Builder\PresentationStyles\VS2013\styles\branding-ko-KR.css -&gt; D:\Project\git\API\X_API_Master_Help\Help\Working\Output\Website\styles\branding-ko-KR.css
C:\Program Files (x86)\EWSoftware\Sandcastle Help File Builder\PresentationStyles\VS2013\styles\branding-pl-PL.css -&gt; D:\Project\git\API\X_API_Master_Help\Help\Working\Output\Website\styles\branding-pl-PL.css
C:\Program Files (x86)\EWSoftware\Sandcastle Help File Builder\PresentationStyles\VS2013\styles\branding-pt-BR.css -&gt; D:\Project\git\API\X_API_Master_Help\Help\Working\Output\Website\styles\branding-pt-BR.css
C:\Program Files (x86)\EWSoftware\Sandcastle Help File Builder\PresentationStyles\VS2013\styles\branding-ru-RU.css -&gt; D:\Project\git\API\X_API_Master_Help\Help\Working\Output\Website\styles\branding-ru-RU.css
C:\Program Files (x86)\EWSoftware\Sandcastle Help File Builder\PresentationStyles\VS2013\styles\branding-tr-TR.css -&gt; D:\Project\git\API\X_API_Master_Help\Help\Working\Output\Website\styles\branding-tr-TR.css
C:\Program Files (x86)\EWSoftware\Sandcastle Help File Builder\PresentationStyles\VS2013\styles\branding-Website.css -&gt; D:\Project\git\API\X_API_Master_Help\Help\Working\Output\Website\styles\branding-Website.css
C:\Program Files (x86)\EWSoftware\Sandcastle Help File Builder\PresentationStyles\VS2013\styles\branding-zh-CN.css -&gt; D:\Project\git\API\X_API_Master_Help\Help\Working\Output\Website\styles\branding-zh-CN.css
C:\Program Files (x86)\EWSoftware\Sandcastle Help File Builder\PresentationStyles\VS2013\styles\branding-zh-TW.css -&gt; D:\Project\git\API\X_API_Master_Help\Help\Working\Output\Website\styles\branding-zh-TW.css
C:\Program Files (x86)\EWSoftware\Sandcastle Help File Builder\PresentationStyles\VS2013\styles\branding.css -&gt; D:\Project\git\API\X_API_Master_Help\Help\Working\Output\Website\styles\branding.css
C:\Program Files (x86)\EWSoftware\Sandcastle Help File Builder\PresentationStyles\VS2013\Web\index.html -&gt; D:\Project\git\API\X_API_Master_Help\Help\Working\Output\Website\index.html
C:\Program Files (x86)\EWSoftware\Sandcastle Help File Builder\PresentationStyles\VS2013\Web\search.html -&gt; D:\Project\git\API\X_API_Master_Help\Help\Working\Output\Website\search.html
C:\Program Files (x86)\EWSoftware\Sandcastle Help File Builder\PresentationStyles\VS2013\Web\SearchHelp.aspx -&gt; D:\Project\git\API\X_API_Master_Help\Help\Working\Output\Website\SearchHelp.aspx
C:\Program Files (x86)\EWSoftware\Sandcastle Help File Builder\PresentationStyles\VS2013\Web\SearchHelp.inc.php -&gt; D:\Project\git\API\X_API_Master_Help\Help\Working\Output\Website\SearchHelp.inc.php
C:\Program Files (x86)\EWSoftware\Sandcastle Help File Builder\PresentationStyles\VS2013\Web\SearchHelp.php -&gt; D:\Project\git\API\X_API_Master_Help\Help\Working\Output\Website\SearchHelp.php
C:\Program Files (x86)\EWSoftware\Sandcastle Help File Builder\PresentationStyles\VS2013\Web\Web.Config -&gt; D:\Project\git\API\X_API_Master_Help\Help\Working\Output\Website\Web.Config
C:\Program Files (x86)\EWSoftware\Sandcastle Help File Builder\PresentationStyles\VS2013\Web\icons\Search.png -&gt; D:\Project\git\API\X_API_Master_Help\Help\Working\Output\Website\icons\Search.png
C:\Program Files (x86)\EWSoftware\Sandcastle Help File Builder\PresentationStyles\VS2013\Web\icons\TocClose.gif -&gt; D:\Project\git\API\X_API_Master_Help\Help\Working\Output\Website\icons\TocClose.gif
C:\Program Files (x86)\EWSoftware\Sandcastle Help File Builder\PresentationStyles\VS2013\Web\icons\TocCollapsed.gif -&gt; D:\Project\git\API\X_API_Master_Help\Help\Working\Output\Website\icons\TocCollapsed.gif
C:\Program Files (x86)\EWSoftware\Sandcastle Help File Builder\PresentationStyles\VS2013\Web\icons\TocExpanded.gif -&gt; D:\Project\git\API\X_API_Master_Help\Help\Working\Output\Website\icons\TocExpanded.gif
C:\Program Files (x86)\EWSoftware\Sandcastle Help File Builder\PresentationStyles\VS2013\Web\icons\TocOpen.gif -&gt; D:\Project\git\API\X_API_Master_Help\Help\Working\Output\Website\icons\TocOpen.gif
C:\Program Files (x86)\EWSoftware\Sandcastle Help File Builder\PresentationStyles\VS2013\Web\scripts\branding-Website.js -&gt; D:\Project\git\API\X_API_Master_Help\Help\Working\Output\Website\scripts\branding-Website.js
C:\Program Files (x86)\EWSoftware\Sandcastle Help File Builder\PresentationStyles\VS2013\Web\scripts\jquery-1.11.0.min.js -&gt; D:\Project\git\API\X_API_Master_Help\Help\Working\Output\Website\scripts\jquery-1.11.0.min.js
    Last step completed in 00:00:00.8028
</buildStep>
<buildStep step="GenerateHelpFormatTableOfContents">
Generating HTML Help 1 table of contents file...
    Last step completed in 00:00:00.0055
</buildStep>
<buildStep step="GenerateHelpFileIndex">
Generating HTML Help 1 index file...
    Last step completed in 00:00:00.0040
</buildStep>
<buildStep step="GenerateHelpProject">
Generating HTML Help 1 project file...
    Last step completed in 00:00:00.0105
</buildStep>
<buildStep step="CompilingHelpFile">
Compiling HTML Help 1 file...
[C:\Windows\Microsoft.NET\Framework64\v4.0.30319\MSBuild.exe]
  Microsoft HTML Help Compiler 4.74.8702
  
  
  
  Compiling d:\Project\git\API\X_API_Master_Help\Help\Working\Output\HtmlHelp1\Documentation.chm
  
  
  
  
  
  Compile time: 0 minutes, 1 second
  
  142	Topics
  
  1,438	Local links
  
  1,026	Internet links
  
  0	Graphics
  
  
  
  
  
  Created d:\Project\git\API\X_API_Master_Help\Help\Working\Output\HtmlHelp1\Documentation.chm, 205,147 bytes
  
  Compression decreased file by 1,030,614 bytes.
  
    Last step completed in 00:00:02.1505
</buildStep>
<buildStep step="GenerateHelpFormatTableOfContents">
Generating website table of contents file...
    Last step completed in 00:00:00.0060
</buildStep>
<buildStep step="GenerateFullTextIndex">
Generating full-text index for the website...

<plugIn name="Lightweight Website Style" behavior="After" priority="1000">
Adding lightweight search and TOC elements to each topic...
</plugIn>    Last step completed in 00:00:00.4191
</buildStep>
<buildStep step="CopyingWebsiteFiles">
Copying website files to output folder...

Copied 100 files
Copied 200 files
Copied 300 files
Copied 321 files for the website content
    Last step completed in 00:00:00.4024
</buildStep>
<buildStep step="CleanIntermediates">
Removing intermediate files...
    Last step completed in 00:00:01.7974
</buildStep>
<buildStep step="Completed">

Build completed successfully at 2017/8/5 22:15:11.  Total time: 00:02:18.2786

</buildStep>
</shfbBuild>
